[debug] [2026-04-18T08:53:52.391Z] ----------------------------------------------------------------------
[debug] [2026-04-18T08:53:52.396Z] Command:       /Users/sukesh/.nvm/versions/node/v20.18.0/bin/node /Users/sukesh/.nvm/versions/node/v20.18.0/bin/firebase init hosting
[debug] [2026-04-18T08:53:52.396Z] CLI Version:   15.15.0
[debug] [2026-04-18T08:53:52.396Z] Platform:      darwin
[debug] [2026-04-18T08:53:52.396Z] Node Version:  v20.18.0
[debug] [2026-04-18T08:53:52.396Z] Time:          Sat Apr 18 2026 14:23:52 GMT+0530 (India Standard Time)
[debug] [2026-04-18T08:53:52.396Z] ----------------------------------------------------------------------
[debug] 
[debug] [2026-04-18T08:53:52.397Z] >>> [apiv2][query] GET https://firebase-public.firebaseio.com/cli.json [none]
[info] 
     ######## #### ########  ######## ########     ###     ######  ########
     ##        ##  ##     ## ##       ##     ##  ##   ##  ##       ##
     ######    ##  ########  ######   ########  #########  ######  ######
     ##        ##  ##    ##  ##       ##     ## ##     ##       ## ##
     ##       #### ##     ## ######## ########  ##     ##  ######  ########

You're about to initialize a Firebase project in this directory:

  /Users/sukesh/Desktop/Stadium Experince

[info] 
=== Project Setup
[info] 
[info] First, let's associate this project directory with a Firebase project.
[info] You can create multiple project aliases by running firebase use --add, 
[info] 
[debug] [2026-04-18T08:53:53.888Z] <<< [apiv2][status] GET https://firebase-public.firebaseio.com/cli.json 200
[debug] [2026-04-18T08:53:53.888Z] <<< [apiv2][body] GET https://firebase-public.firebaseio.com/cli.json {"cloudBuildErrorAfter":1594252800000,"cloudBuildWarnAfter":1590019200000,"defaultNode10After":1594252800000,"minVersion":"3.0.5","node8DeploysDisabledAfter":1613390400000,"node8RuntimeDisabledAfter":1615809600000,"node8WarnAfter":1600128000000}
[debug] [2026-04-18T08:55:26.275Z] ExitPromptError: User force closed the prompt with SIGINT
    at Interface.sigint (/Users/sukesh/.nvm/versions/node/v20.18.0/lib/node_modules/firebase-tools/node_modules/@inquirer/core/dist/commonjs/lib/create-prompt.js:101:37)
    at Interface.emit (node:events:519:28)
    at [_ttyWrite] [as _ttyWrite] (node:internal/readline/interface:1126:18)
    at ReadStream.onkeypress (node:internal/readline/interface:265:20)
    at ReadStream.emit (node:events:531:35)
    at emitKeys (node:internal/readline/utils:371:14)
    at emitKeys.next (<anonymous>)
    at ReadStream.onData (node:internal/readline/emitKeypressEvents:64:36)
    at ReadStream.emit (node:events:519:28)
    at addChunk (node:internal/streams/readable:559:12)
[error] 
[error] Error: An unexpected error has occurred.
[debug] [2026-04-18T08:55:29.049Z] ----------------------------------------------------------------------
[debug] [2026-04-18T08:55:29.050Z] Command:       /Users/sukesh/.nvm/versions/node/v20.18.0/bin/node /Users/sukesh/.nvm/versions/node/v20.18.0/bin/firebase init hosting
[debug] [2026-04-18T08:55:29.050Z] CLI Version:   15.15.0
[debug] [2026-04-18T08:55:29.050Z] Platform:      darwin
[debug] [2026-04-18T08:55:29.050Z] Node Version:  v20.18.0
[debug] [2026-04-18T08:55:29.050Z] Time:          Sat Apr 18 2026 14:25:29 GMT+0530 (India Standard Time)
[debug] [2026-04-18T08:55:29.051Z] ----------------------------------------------------------------------
[debug] 
[info] 
     ######## #### ########  ######## ########     ###     ######  ########
     ##        ##  ##     ## ##       ##     ##  ##   ##  ##       ##
     ######    ##  ########  ######   ########  #########  ######  ######
     ##        ##  ##    ##  ##       ##     ## ##     ##       ## ##
     ##       #### ##     ## ######## ########  ##     ##  ######  ########

You're about to initialize a Firebase project in this directory:

  /Users/sukesh/Desktop/Stadium Experince

[info] 
=== Project Setup
[info] 
[info] First, let's associate this project directory with a Firebase project.
[info] You can create multiple project aliases by running firebase use --add, 
[info] 
